<?xml version="1.0" encoding="UTF-8"?>
<!-- Generated by org.testng.reporters.JUnitXMLReporter -->
<testsuite hostname="U4-DPE-CPU-0213" name="Test" tests="1" failures="0" timestamp="13 Feb 2017 07:00:56 GMT" time="0.177" errors="0">
  <testcase name="@BeforeMethod setUp" time="0.0" classname="com.demostoreqa.FunctionalTests.DemoStoreQAFunctionalTest">
    <failure type="java.lang.IllegalStateException" message="The driver executable does not exist: C:\Users\shridhars\Documents\DemoStore - Local Repository\DemoStoreQAProject\drivers\internetexplorerdriver.exe">
      <![CDATA[java.lang.IllegalStateException: The driver executable does not exist: C:\Users\shridhars\Documents\DemoStore - Local Repository\DemoStoreQAProject\drivers\internetexplorerdriver.exe
	at com.google.common.base.Preconditions.checkState(Preconditions.java:199)
	at org.openqa.selenium.remote.service.DriverService.checkExecutable(DriverService.java:121)
	at org.openqa.selenium.remote.service.DriverService.findExecutable(DriverService.java:116)
	at org.openqa.selenium.ie.InternetExplorerDriverService.access$000(InternetExplorerDriverService.java:32)
	at org.openqa.selenium.ie.InternetExplorerDriverService$Builder.findDefaultExecutable(InternetExplorerDriverService.java:167)
	at org.openqa.selenium.remote.service.DriverService$Builder.build(DriverService.java:296)
	at org.openqa.selenium.ie.InternetExplorerDriver.setupService(InternetExplorerDriver.java:248)
	at org.openqa.selenium.ie.InternetExplorerDriver.<init>(InternetExplorerDriver.java:170)
	at org.openqa.selenium.ie.InternetExplorerDriver.<init>(InternetExplorerDriver.java:144)
	at com.demostoreqa.FunctionalTests.DemoStoreQAFunctionalTest.setUp(DemoStoreQAFunctionalTest.java:59)
... Removed 27 stack frames]]>
    </failure>
  </testcase> <!-- @BeforeMethod setUp -->
  <testcase name="@AfterMethod tearDown" time="0.0" classname="com.demostoreqa.FunctionalTests.DemoStoreQAFunctionalTest">
    <skipped/>
  </testcase> <!-- @AfterMethod tearDown -->
  <testcase name="verifySubTotalPriceCalcualtionForCartHavingMultipleProducts" time="0.005" classname="com.demostoreqa.FunctionalTests.DemoStoreQAFunctionalTest">
    <skipped/>
  </testcase> <!-- verifySubTotalPriceCalcualtionForCartHavingMultipleProducts -->
</testsuite> <!-- Test -->
